<?xml version="1.0" encoding="UTF-8"?>
<!-- Generated by org.testng.reporters.JUnitXMLReporter -->
<testsuite ignored="2" hostname="DESKTOP-RVSID1U" failures="0" tests="1" name="Default test" time="3.575" errors="0" timestamp="2023-04-25T12:05:49 IST">
  <testcase classname="com.apiautomation.firsttest.FirstApiTest" name="testPost" time="3.456"/>
  <testcase classname="com.apiautomation.firsttest.FirstApiTest" name="testGet" time="0.0">
    <ignored/>
  </testcase> <!-- testGet -->
  <testcase classname="com.apiautomation.firsttest.FirstApiTest" name="firstTest" time="0.0">
    <ignored/>
  </testcase> <!-- firstTest -->
</testsuite> <!-- Default test -->
